Arguments: 
  /usr/local/bin/node /Users/hossamsulleman/.yarn/bin/yarn.js add @bit/definitivelogic.pbi-components.line-graph

PATH: 
  /Users/hossamsulleman/.yarn/bin:/Users/hossamsulleman/.config/yarn/global/node_modules/.bin:/usr/local/bin:/usr/bin:/bin:/usr/sbin:/sbin:/Library/Apple/usr/bin

Yarn version: 
  1.22.5

Node version: 
  12.18.3

Platform: 
  darwin x64

Trace: 
  Error: https://registry.yarnpkg.com/@bit%2fdefinitivelogic.pbi-components.line-graph: Not found
      at Request.params.callback [as _callback] (/Users/hossamsulleman/.yarn/lib/cli.js:66988:18)
      at Request.self.callback (/Users/hossamsulleman/.yarn/lib/cli.js:140749:22)
      at Request.emit (events.js:315:20)
      at Request.<anonymous> (/Users/hossamsulleman/.yarn/lib/cli.js:141721:10)
      at Request.emit (events.js:315:20)
      at IncomingMessage.<anonymous> (/Users/hossamsulleman/.yarn/lib/cli.js:141643:12)
      at Object.onceWrapper (events.js:421:28)
      at IncomingMessage.emit (events.js:327:22)
      at endReadableNT (_stream_readable.js:1220:12)
      at processTicksAndRejections (internal/process/task_queues.js:84:21)

npm manifest: 
  No manifest

yarn manifest: 
  No manifest

Lockfile: 
  No lockfile
